<?xml version="1.0" encoding="UTF-8"?>
<testsuite name="com.eddylog.api.controller.AuthControllerTest" tests="1" skipped="0" failures="0" errors="0" timestamp="2023-06-26T15:12:06" hostname="JinKyungui-MacBookAir.local" time="0.015">
  <properties/>
  <testcase name="회원가입" classname="com.eddylog.api.controller.AuthControllerTest" time="0.015"/>
  <system-out><![CDATA[2023-06-27T00:12:06.525+09:00  INFO 5910 --- [    Test worker] t.c.s.AnnotationConfigContextLoaderUtils : Could not detect default configuration classes for test class [com.eddylog.api.controller.AuthControllerTest]: AuthControllerTest does not declare any static, non-private, non-final, nested classes annotated with @Configuration.
2023-06-27T00:12:06.526+09:00  INFO 5910 --- [    Test worker] .b.t.c.SpringBootTestContextBootstrapper : Found @SpringBootConfiguration com.eddylog.api.EddylogApplication for test class com.eddylog.api.controller.AuthControllerTest

MockHttpServletRequest:
      HTTP Method = POST
      Request URI = /auth/signup
       Parameters = {}
          Headers = [Content-Type:"application/json;charset=UTF-8", Content-Length:"58"]
             Body = {"email":"eddy@naver.com","password":"1234","name":"eddy"}
    Session Attrs = {}

Handler:
             Type = com.eddylog.api.controller.AuthController
           Method = com.eddylog.api.controller.AuthController#signup(Signup)

Async:
    Async started = false
     Async result = null

Resolved Exception:
             Type = null

ModelAndView:
        View name = null
             View = null
            Model = null

FlashMap:
       Attributes = null

MockHttpServletResponse:
           Status = 200
    Error message = null
          Headers = []
     Content type = null
             Body = 
    Forwarded URL = null
   Redirected URL = null
          Cookies = []
]]></system-out>
  <system-err><![CDATA[]]></system-err>
</testsuite>
