<?xml version="1.0" encoding="UTF-8"?>
<testsuite name="com.eddylog.api.EddylogApplicationTests" tests="1" skipped="0" failures="0" errors="0" timestamp="2023-06-22T05:29:21" hostname="JinKyungui-MacBookAir.local" time="0.114">
  <properties/>
  <testcase name="contextLoads()" classname="com.eddylog.api.EddylogApplicationTests" time="0.114"/>
  <system-out><![CDATA[14:29:16.100 [Test worker] DEBUG org.springframework.test.context.BootstrapUtils - Instantiating CacheAwareContextLoaderDelegate from class [org.springframework.test.context.cache.DefaultCacheAwareContextLoaderDelegate]
14:29:16.108 [Test worker] DEBUG org.springframework.test.context.BootstrapUtils - Instantiating BootstrapContext using constructor [public org.springframework.test.context.support.DefaultBootstrapContext(java.lang.Class,org.springframework.test.context.CacheAwareContextLoaderDelegate)]
14:29:16.196 [Test worker] DEBUG org.springframework.test.context.BootstrapUtils - Instantiating TestContextBootstrapper for test class [com.eddylog.api.EddylogApplicationTests] from class [org.springframework.boot.test.context.SpringBootTestContextBootstrapper]
14:29:16.204 [Test worker] INFO org.springframework.boot.test.context.SpringBootTestContextBootstrapper - Neither @ContextConfiguration nor @ContextHierarchy found for test class [com.eddylog.api.EddylogApplicationTests], using SpringBootContextLoader
14:29:16.210 [Test worker] DEBUG org.springframework.test.context.support.AbstractContextLoader - Did not detect default resource location for test class [com.eddylog.api.EddylogApplicationTests]: class path resource [com/eddylog/api/EddylogApplicationTests-context.xml] does not exist
14:29:16.210 [Test worker] DEBUG org.springframework.test.context.support.AbstractContextLoader - Did not detect default resource location for test class [com.eddylog.api.EddylogApplicationTests]: class path resource [com/eddylog/api/EddylogApplicationTestsContext.groovy] does not exist
14:29:16.210 [Test worker] INFO org.springframework.test.context.support.AbstractContextLoader - Could not detect default resource locations for test class [com.eddylog.api.EddylogApplicationTests]: no resource found for suffixes {-context.xml, Context.groovy}.
14:29:16.211 [Test worker] INFO org.springframework.test.context.support.AnnotationConfigContextLoaderUtils - Could not detect default configuration classes for test class [com.eddylog.api.EddylogApplicationTests]: EddylogApplicationTests does not declare any static, non-private, non-final, nested classes annotated with @Configuration.
14:29:16.264 [Test worker] DEBUG org.springframework.test.context.support.ActiveProfilesUtils - Could not find an 'annotation declaring class' for annotation type [org.springframework.test.context.ActiveProfiles] and class [com.eddylog.api.EddylogApplicationTests]
14:29:16.320 [Test worker] DEBUG org.springframework.context.annotation.ClassPathScanningCandidateComponentProvider - Identified candidate component class: file [/Users/eddy/Desktop/projects/eddylog/eddylog/build/classes/java/main/com/eddylog/api/EddylogApplication.class]
14:29:16.321 [Test worker] INFO org.springframework.boot.test.context.SpringBootTestContextBootstrapper - Found @SpringBootConfiguration com.eddylog.api.EddylogApplication for test class com.eddylog.api.EddylogApplicationTests
14:29:16.405 [Test worker] DEBUG org.springframework.boot.test.context.SpringBootTestContextBootstrapper - @TestExecutionListeners is not present for class [com.eddylog.api.EddylogApplicationTests]: using defaults.
14:29:16.406 [Test worker] INFO org.springframework.boot.test.context.SpringBootTestContextBootstrapper - Loaded default TestExecutionListener class names from location [META-INF/spring.factories]: [org.springframework.boot.test.autoconfigure.restdocs.RestDocsTestExecutionListener, org.springframework.boot.test.autoconfigure.web.client.MockRestServiceServerResetTestExecutionListener, org.springframework.boot.test.autoconfigure.web.servlet.MockMvcPrintOnlyOnFailureTestExecutionListener, org.springframework.boot.test.autoconfigure.web.servlet.WebDriverTestExecutionListener, org.springframework.boot.test.autoconfigure.webservices.client.MockWebServiceServerTestExecutionListener, org.springframework.boot.test.mock.mockito.MockitoTestExecutionListener, org.springframework.boot.test.mock.mockito.ResetMocksTestExecutionListener, org.springframework.test.context.web.ServletTestExecutionListener, org.springframework.test.context.support.DirtiesContextBeforeModesTestExecutionListener, org.springframework.test.context.event.ApplicationEventsTestExecutionListener, org.springframework.test.context.support.DependencyInjectionTestExecutionListener, org.springframework.test.context.support.DirtiesContextTestExecutionListener, org.springframework.test.context.transaction.TransactionalTestExecutionListener, org.springframework.test.context.jdbc.SqlScriptsTestExecutionListener, org.springframework.test.context.event.EventPublishingTestExecutionListener]
14:29:16.449 [Test worker] INFO org.springframework.boot.test.context.SpringBootTestContextBootstrapper - Using TestExecutionListeners: [org.springframework.test.context.web.ServletTestExecutionListener@32f61a31, org.springframework.test.context.support.DirtiesContextBeforeModesTestExecutionListener@f5c79a6, org.springframework.test.context.event.ApplicationEventsTestExecutionListener@669253b7, org.springframework.boot.test.mock.mockito.MockitoTestExecutionListener@5305c37d, org.springframework.boot.test.autoconfigure.SpringBootDependencyInjectionTestExecutionListener@51a06cbe, org.springframework.test.context.support.DirtiesContextTestExecutionListener@3dddbe65, org.springframework.test.context.transaction.TransactionalTestExecutionListener@49a64d82, org.springframework.test.context.jdbc.SqlScriptsTestExecutionListener@344561e0, org.springframework.test.context.event.EventPublishingTestExecutionListener@66d23e4a, org.springframework.boot.test.autoconfigure.restdocs.RestDocsTestExecutionListener@36ac8a63, org.springframework.boot.test.autoconfigure.web.client.MockRestServiceServerResetTestExecutionListener@4d9d1b69, org.springframework.boot.test.autoconfigure.web.servlet.MockMvcPrintOnlyOnFailureTestExecutionListener@52c8295b, org.springframework.boot.test.autoconfigure.web.servlet.WebDriverTestExecutionListener@251f7d26, org.springframework.boot.test.autoconfigure.webservices.client.MockWebServiceServerTestExecutionListener@77b21474, org.springframework.boot.test.mock.mockito.ResetMocksTestExecutionListener@52d10fb8]
14:29:16.457 [Test worker] DEBUG org.springframework.test.context.support.AbstractDirtiesContextTestExecutionListener - Before test class: context [DefaultTestContext@5851bd4f testClass = EddylogApplicationTests, testInstance = [null], testMethod = [null], testException = [null], mergedContextConfiguration = [WebMergedContextConfiguration@7cd1ac19 testClass = EddylogApplicationTests, locations = '{}', classes = '{class com.eddylog.api.EddylogApplication}', contextInitializerClasses = '[]', activeProfiles = '{}', propertySourceLocations = '{}', propertySourceProperties = '{org.springframework.boot.test.context.SpringBootTestContextBootstrapper=true}', contextCustomizers = set[org.springframework.boot.test.autoconfigure.actuate.metrics.MetricsExportContextCustomizerFactory$DisableMetricExportContextCustomizer@25b2cfcb, org.springframework.boot.test.autoconfigure.properties.PropertyMappingContextCustomizer@0, org.springframework.boot.test.autoconfigure.web.servlet.WebDriverContextCustomizerFactory$Customizer@56a4479a, org.springframework.boot.test.context.filter.ExcludeFilterContextCustomizer@62f4ff3b, org.springframework.boot.test.json.DuplicateJsonObjectContextCustomizerFactory$DuplicateJsonObjectContextCustomizer@34997338, org.springframework.boot.test.mock.mockito.MockitoContextCustomizer@0, org.springframework.boot.test.web.client.TestRestTemplateContextCustomizer@5b444398, org.springframework.boot.test.context.SpringBootTestArgs@1, org.springframework.boot.test.context.SpringBootTestWebEnvironment@2ad48653], resourceBasePath = 'src/main/webapp', contextLoader = 'org.springframework.boot.test.context.SpringBootContextLoader', parent = [null]], attributes = map['org.springframework.test.context.web.ServletTestExecutionListener.activateListener' -> true]], class annotated with @DirtiesContext [false] with mode [null].

  .   ____          _            __ _ _
 /\\ / ___'_ __ _ _(_)_ __  __ _ \ \ \ \
( ( )\___ | '_ | '_| | '_ \/ _` | \ \ \ \
 \\/  ___)| |_)| | | | | || (_| |  ) ) ) )
  '  |____| .__|_| |_|_| |_\__, | / / / /
 =========|_|==============|___/=/_/_/_/
 :: Spring Boot ::               (v2.7.12)

2023-06-22 14:29:16.969  INFO 3482 --- [    Test worker] com.eddylog.api.EddylogApplicationTests  : Starting EddylogApplicationTests using Java 11.0.19 on JinKyungui-MacBookAir.local with PID 3482 (started by eddy in /Users/eddy/Desktop/projects/eddylog/eddylog)
2023-06-22 14:29:16.975  INFO 3482 --- [    Test worker] com.eddylog.api.EddylogApplicationTests  : No active profile set, falling back to 1 default profile: "default"
2023-06-22 14:29:18.029  INFO 3482 --- [    Test worker] .s.d.r.c.RepositoryConfigurationDelegate : Bootstrapping Spring Data JPA repositories in DEFAULT mode.
2023-06-22 14:29:18.094  INFO 3482 --- [    Test worker] .s.d.r.c.RepositoryConfigurationDelegate : Finished Spring Data repository scanning in 57 ms. Found 1 JPA repository interfaces.
2023-06-22 14:29:18.844  INFO 3482 --- [    Test worker] com.zaxxer.hikari.HikariDataSource       : HikariPool-1 - Starting...
2023-06-22 14:29:19.018  INFO 3482 --- [    Test worker] com.zaxxer.hikari.HikariDataSource       : HikariPool-1 - Start completed.
2023-06-22 14:29:19.118  INFO 3482 --- [    Test worker] o.hibernate.jpa.internal.util.LogHelper  : HHH000204: Processing PersistenceUnitInfo [name: default]
2023-06-22 14:29:19.165  INFO 3482 --- [    Test worker] org.hibernate.Version                    : HHH000412: Hibernate ORM core version 5.6.15.Final
2023-06-22 14:29:19.292  INFO 3482 --- [    Test worker] o.hibernate.annotations.common.Version   : HCANN000001: Hibernate Commons Annotations {5.1.2.Final}
2023-06-22 14:29:19.416  INFO 3482 --- [    Test worker] org.hibernate.dialect.Dialect            : HHH000400: Using dialect: org.hibernate.dialect.H2Dialect
2023-06-22 14:29:19.945  INFO 3482 --- [    Test worker] o.h.e.t.j.p.i.JtaPlatformInitiator       : HHH000490: Using JtaPlatform implementation: [org.hibernate.engine.transaction.jta.platform.internal.NoJtaPlatform]
2023-06-22 14:29:19.952  INFO 3482 --- [    Test worker] j.LocalContainerEntityManagerFactoryBean : Initialized JPA EntityManagerFactory for persistence unit 'default'
2023-06-22 14:29:20.763  WARN 3482 --- [    Test worker] JpaBaseConfiguration$JpaWebConfiguration : spring.jpa.open-in-view is enabled by default. Therefore, database queries may be performed during view rendering. Explicitly configure spring.jpa.open-in-view to disable this warning
2023-06-22 14:29:21.092  INFO 3482 --- [    Test worker] o.s.b.a.h2.H2ConsoleAutoConfiguration    : H2 console available at '/h2.console'. Database available at 'jdbc:h2:mem:eddylog'
2023-06-22 14:29:21.463  INFO 3482 --- [    Test worker] com.eddylog.api.EddylogApplicationTests  : Started EddylogApplicationTests in 4.954 seconds (JVM running for 6.415)
]]></system-out>
  <system-err><![CDATA[]]></system-err>
</testsuite>
