<?xml version="1.0" encoding="UTF-8"?>
<testsuite name="com.eddylog.api.service.AuthServiceTest" tests="2" skipped="0" failures="0" errors="0" timestamp="2023-06-26T15:12:06" hostname="JinKyungui-MacBookAir.local" time="0.024">
  <properties/>
  <testcase name="회원가입 성공" classname="com.eddylog.api.service.AuthServiceTest" time="0.02"/>
  <testcase name="회원가입 시 중복된 이메일" classname="com.eddylog.api.service.AuthServiceTest" time="0.004"/>
  <system-out><![CDATA[2023-06-27T00:12:06.544+09:00  INFO 5910 --- [    Test worker] t.c.s.AnnotationConfigContextLoaderUtils : Could not detect default configuration classes for test class [com.eddylog.api.service.AuthServiceTest]: AuthServiceTest does not declare any static, non-private, non-final, nested classes annotated with @Configuration.
2023-06-27T00:12:06.546+09:00  INFO 5910 --- [    Test worker] .b.t.c.SpringBootTestContextBootstrapper : Found @SpringBootConfiguration com.eddylog.api.EddylogApplication for test class com.eddylog.api.service.AuthServiceTest

  .   ____          _            __ _ _
 /\\ / ___'_ __ _ _(_)_ __  __ _ \ \ \ \
( ( )\___ | '_ | '_| | '_ \/ _` | \ \ \ \
 \\/  ___)| |_)| | | | | || (_| |  ) ) ) )
  '  |____| .__|_| |_|_| |_\__, | / / / /
 =========|_|==============|___/=/_/_/_/
 :: Spring Boot ::                (v3.0.8)

2023-06-27T00:12:06.558+09:00  INFO 5910 --- [    Test worker] c.eddylog.api.service.AuthServiceTest    : Starting AuthServiceTest using Java 17.0.7 with PID 5910 (started by eddy in /Users/eddy/Desktop/projects/eddylog/eddylog)
2023-06-27T00:12:06.558+09:00  INFO 5910 --- [    Test worker] c.eddylog.api.service.AuthServiceTest    : The following 1 profile is active: "test"
2023-06-27T00:12:06.605+09:00  INFO 5910 --- [    Test worker] .s.d.r.c.RepositoryConfigurationDelegate : Bootstrapping Spring Data JPA repositories in DEFAULT mode.
2023-06-27T00:12:06.610+09:00  INFO 5910 --- [    Test worker] .s.d.r.c.RepositoryConfigurationDelegate : Finished Spring Data repository scanning in 4 ms. Found 2 JPA repository interfaces.
2023-06-27T00:12:06.642+09:00  INFO 5910 --- [    Test worker] com.zaxxer.hikari.HikariDataSource       : HikariPool-3 - Starting...
2023-06-27T00:12:06.642+09:00  INFO 5910 --- [    Test worker] com.zaxxer.hikari.pool.HikariPool        : HikariPool-3 - Added connection conn20: url=jdbc:h2:mem:eddylog user=SA
2023-06-27T00:12:06.642+09:00  INFO 5910 --- [    Test worker] com.zaxxer.hikari.HikariDataSource       : HikariPool-3 - Start completed.
2023-06-27T00:12:06.643+09:00  INFO 5910 --- [    Test worker] o.hibernate.jpa.internal.util.LogHelper  : HHH000204: Processing PersistenceUnitInfo [name: default]
2023-06-27T00:12:06.646+09:00  INFO 5910 --- [    Test worker] SQL dialect                              : HHH000400: Using dialect: org.hibernate.dialect.H2Dialect
2023-06-27T00:12:06.661+09:00  INFO 5910 --- [    Test worker] o.h.e.t.j.p.i.JtaPlatformInitiator       : HHH000490: Using JtaPlatform implementation: [org.hibernate.engine.transaction.jta.platform.internal.NoJtaPlatform]
2023-06-27T00:12:06.661+09:00  INFO 5910 --- [    Test worker] j.LocalContainerEntityManagerFactoryBean : Initialized JPA EntityManagerFactory for persistence unit 'default'
2023-06-27T00:12:06.700+09:00  WARN 5910 --- [    Test worker] JpaBaseConfiguration$JpaWebConfiguration : spring.jpa.open-in-view is enabled by default. Therefore, database queries may be performed during view rendering. Explicitly configure spring.jpa.open-in-view to disable this warning
2023-06-27T00:12:06.730+09:00  INFO 5910 --- [    Test worker] o.s.b.a.h2.H2ConsoleAutoConfiguration    : H2 console available at '/h2.console'. Database available at 'jdbc:h2:mem:eddylog'
2023-06-27T00:12:06.738+09:00  INFO 5910 --- [    Test worker] c.eddylog.api.service.AuthServiceTest    : Started AuthServiceTest in 0.189 seconds (process running for 2.804)
]]></system-out>
  <system-err><![CDATA[]]></system-err>
</testsuite>
