<?xml version="1.0" encoding="UTF-8"?>
<testsuite name="com.eddylog.api.service.PostServiceTest" tests="9" skipped="0" failures="0" errors="0" timestamp="2023-06-22T05:29:23" hostname="JinKyungui-MacBookAir.local" time="0.157">
  <properties/>
  <testcase name="글 작성" classname="com.eddylog.api.service.PostServiceTest" time="0.021"/>
  <testcase name="글 1개 조회" classname="com.eddylog.api.service.PostServiceTest" time="0.009"/>
  <testcase name="글 여러개 조회 -&gt; 글 1페이지 조회" classname="com.eddylog.api.service.PostServiceTest" time="0.053"/>
  <testcase name="글 제목 수정" classname="com.eddylog.api.service.PostServiceTest" time="0.019"/>
  <testcase name="글 내용 수정" classname="com.eddylog.api.service.PostServiceTest" time="0.011"/>
  <testcase name="게시글 삭제" classname="com.eddylog.api.service.PostServiceTest" time="0.017"/>
  <testcase name="글 1개 조회 - 존재하지 않는 글" classname="com.eddylog.api.service.PostServiceTest" time="0.007"/>
  <testcase name="게시글 삭제 - 존재하지 않는 글" classname="com.eddylog.api.service.PostServiceTest" time="0.007"/>
  <testcase name="글 내용 수정 - 존재하지 않는 글" classname="com.eddylog.api.service.PostServiceTest" time="0.004"/>
  <system-out><![CDATA[2023-06-22 14:29:23.478  INFO 3482 --- [    Test worker] .b.t.c.SpringBootTestContextBootstrapper : Neither @ContextConfiguration nor @ContextHierarchy found for test class [com.eddylog.api.service.PostServiceTest], using SpringBootContextLoader
2023-06-22 14:29:23.481  INFO 3482 --- [    Test worker] o.s.t.c.support.AbstractContextLoader    : Could not detect default resource locations for test class [com.eddylog.api.service.PostServiceTest]: no resource found for suffixes {-context.xml, Context.groovy}.
2023-06-22 14:29:23.482  INFO 3482 --- [    Test worker] t.c.s.AnnotationConfigContextLoaderUtils : Could not detect default configuration classes for test class [com.eddylog.api.service.PostServiceTest]: PostServiceTest does not declare any static, non-private, non-final, nested classes annotated with @Configuration.
2023-06-22 14:29:23.509  INFO 3482 --- [    Test worker] .b.t.c.SpringBootTestContextBootstrapper : Found @SpringBootConfiguration com.eddylog.api.EddylogApplication for test class com.eddylog.api.service.PostServiceTest
2023-06-22 14:29:23.512  INFO 3482 --- [    Test worker] .b.t.c.SpringBootTestContextBootstrapper : Loaded default TestExecutionListener class names from location [META-INF/spring.factories]: [org.springframework.boot.test.autoconfigure.restdocs.RestDocsTestExecutionListener, org.springframework.boot.test.autoconfigure.web.client.MockRestServiceServerResetTestExecutionListener, org.springframework.boot.test.autoconfigure.web.servlet.MockMvcPrintOnlyOnFailureTestExecutionListener, org.springframework.boot.test.autoconfigure.web.servlet.WebDriverTestExecutionListener, org.springframework.boot.test.autoconfigure.webservices.client.MockWebServiceServerTestExecutionListener, org.springframework.boot.test.mock.mockito.MockitoTestExecutionListener, org.springframework.boot.test.mock.mockito.ResetMocksTestExecutionListener, org.springframework.test.context.web.ServletTestExecutionListener, org.springframework.test.context.support.DirtiesContextBeforeModesTestExecutionListener, org.springframework.test.context.event.ApplicationEventsTestExecutionListener, org.springframework.test.context.support.DependencyInjectionTestExecutionListener, org.springframework.test.context.support.DirtiesContextTestExecutionListener, org.springframework.test.context.transaction.TransactionalTestExecutionListener, org.springframework.test.context.jdbc.SqlScriptsTestExecutionListener, org.springframework.test.context.event.EventPublishingTestExecutionListener]
2023-06-22 14:29:23.513  INFO 3482 --- [    Test worker] .b.t.c.SpringBootTestContextBootstrapper : Using TestExecutionListeners: [org.springframework.test.context.web.ServletTestExecutionListener@41dbf02b, org.springframework.test.context.support.DirtiesContextBeforeModesTestExecutionListener@6a28d987, org.springframework.test.context.event.ApplicationEventsTestExecutionListener@d41518b, org.springframework.boot.test.mock.mockito.MockitoTestExecutionListener@4708acc6, org.springframework.boot.test.autoconfigure.SpringBootDependencyInjectionTestExecutionListener@59cc46a4, org.springframework.test.context.support.DirtiesContextTestExecutionListener@750448fb, org.springframework.test.context.transaction.TransactionalTestExecutionListener@724e82d9, org.springframework.test.context.jdbc.SqlScriptsTestExecutionListener@70a26eca, org.springframework.test.context.event.EventPublishingTestExecutionListener@4b60ff1c, org.springframework.boot.test.autoconfigure.restdocs.RestDocsTestExecutionListener@1c74251b, org.springframework.boot.test.autoconfigure.web.client.MockRestServiceServerResetTestExecutionListener@1aaa3406, org.springframework.boot.test.autoconfigure.web.servlet.MockMvcPrintOnlyOnFailureTestExecutionListener@791dcda7, org.springframework.boot.test.autoconfigure.web.servlet.WebDriverTestExecutionListener@35c95587, org.springframework.boot.test.autoconfigure.webservices.client.MockWebServiceServerTestExecutionListener@828e2d8, org.springframework.boot.test.mock.mockito.ResetMocksTestExecutionListener@43e9eddf]
]]></system-out>
  <system-err><![CDATA[]]></system-err>
</testsuite>
