<?xml version="1.0" encoding="UTF-8"?>
<testsuite name="com.eddylog.api.controller.AuthControllerTest" tests="1" skipped="0" failures="0" errors="0" timestamp="2023-07-02T14:30:22" hostname="JinKyungui-MacBookAir.local" time="0.218">
  <properties/>
  <testcase name="회원가입" classname="com.eddylog.api.controller.AuthControllerTest" time="0.218"/>
  <system-out><![CDATA[2023-07-02T23:30:22.398+09:00  INFO 13901 --- [    Test worker] t.c.s.AnnotationConfigContextLoaderUtils : Could not detect default configuration classes for test class [com.eddylog.api.controller.AuthControllerTest]: AuthControllerTest does not declare any static, non-private, non-final, nested classes annotated with @Configuration.
2023-07-02T23:30:22.403+09:00  INFO 13901 --- [    Test worker] .b.t.c.SpringBootTestContextBootstrapper : Found @SpringBootConfiguration com.eddylog.api.EddylogApplication for test class com.eddylog.api.controller.AuthControllerTest

  .   ____          _            __ _ _
 /\\ / ___'_ __ _ _(_)_ __  __ _ \ \ \ \
( ( )\___ | '_ | '_| | '_ \/ _` | \ \ \ \
 \\/  ___)| |_)| | | | | || (_| |  ) ) ) )
  '  |____| .__|_| |_|_| |_\__, | / / / /
 =========|_|==============|___/=/_/_/_/
 :: Spring Boot ::                (v3.0.8)

2023-07-02T23:30:22.413+09:00  INFO 13901 --- [    Test worker] c.e.api.controller.AuthControllerTest    : Starting AuthControllerTest using Java 17.0.7 with PID 13901 (started by eddy in /Users/eddy/Desktop/projects/eddylog/eddylog)
2023-07-02T23:30:22.413+09:00  INFO 13901 --- [    Test worker] c.e.api.controller.AuthControllerTest    : No active profile set, falling back to 1 default profile: "default"
2023-07-02T23:30:22.474+09:00  INFO 13901 --- [    Test worker] .s.d.r.c.RepositoryConfigurationDelegate : Bootstrapping Spring Data JPA repositories in DEFAULT mode.
2023-07-02T23:30:22.479+09:00  INFO 13901 --- [    Test worker] .s.d.r.c.RepositoryConfigurationDelegate : Finished Spring Data repository scanning in 5 ms. Found 2 JPA repository interfaces.
2023-07-02T23:30:22.526+09:00  INFO 13901 --- [    Test worker] com.zaxxer.hikari.HikariDataSource       : HikariPool-2 - Starting...
2023-07-02T23:30:22.531+09:00  INFO 13901 --- [    Test worker] com.zaxxer.hikari.pool.HikariPool        : HikariPool-2 - Added connection conn10: url=jdbc:h2:mem:eddylog user=SA
2023-07-02T23:30:22.531+09:00  INFO 13901 --- [    Test worker] com.zaxxer.hikari.HikariDataSource       : HikariPool-2 - Start completed.
2023-07-02T23:30:22.532+09:00  INFO 13901 --- [    Test worker] o.hibernate.jpa.internal.util.LogHelper  : HHH000204: Processing PersistenceUnitInfo [name: default]
2023-07-02T23:30:22.535+09:00  INFO 13901 --- [    Test worker] SQL dialect                              : HHH000400: Using dialect: org.hibernate.dialect.H2Dialect
2023-07-02T23:30:22.552+09:00  INFO 13901 --- [    Test worker] o.h.e.t.j.p.i.JtaPlatformInitiator       : HHH000490: Using JtaPlatform implementation: [org.hibernate.engine.transaction.jta.platform.internal.NoJtaPlatform]
2023-07-02T23:30:22.553+09:00  INFO 13901 --- [    Test worker] j.LocalContainerEntityManagerFactoryBean : Initialized JPA EntityManagerFactory for persistence unit 'default'
2023-07-02T23:30:22.625+09:00  WARN 13901 --- [    Test worker] JpaBaseConfiguration$JpaWebConfiguration : spring.jpa.open-in-view is enabled by default. Therefore, database queries may be performed during view rendering. Explicitly configure spring.jpa.open-in-view to disable this warning
2023-07-02T23:30:22.643+09:00  INFO 13901 --- [    Test worker] o.s.s.web.DefaultSecurityFilterChain     : Will secure any request with [org.springframework.security.web.session.DisableEncodeUrlFilter@49868df8, org.springframework.security.web.context.request.async.WebAsyncManagerIntegrationFilter@1ccdbae4, org.springframework.security.web.context.SecurityContextHolderFilter@682fc714, org.springframework.security.web.header.HeaderWriterFilter@4ebe6c24, org.springframework.security.web.authentication.logout.LogoutFilter@753248f8, com.eddylog.api.config.filter.EmailPasswordAuthFilter@268ee31d, org.springframework.security.web.savedrequest.RequestCacheAwareFilter@23ba2c1e, org.springframework.security.web.servletapi.SecurityContextHolderAwareRequestFilter@5ed1bc4f, org.springframework.security.web.authentication.rememberme.RememberMeAuthenticationFilter@2e94655a, org.springframework.security.web.authentication.AnonymousAuthenticationFilter@1d09fb8e, org.springframework.security.web.access.ExceptionTranslationFilter@44872224, org.springframework.security.web.access.intercept.AuthorizationFilter@547aa7f4]
2023-07-02T23:30:22.670+09:00  WARN 13901 --- [    Test worker] o.s.s.c.a.web.builders.WebSecurity       : You are asking Spring Security to ignore Mvc [pattern='/favicon.ico']. This is not recommended -- please use permitAll via HttpSecurity#authorizeHttpRequests instead.
2023-07-02T23:30:22.670+09:00  INFO 13901 --- [    Test worker] o.s.s.web.DefaultSecurityFilterChain     : Will not secure Mvc [pattern='/favicon.ico']
2023-07-02T23:30:22.670+09:00  WARN 13901 --- [    Test worker] o.s.s.c.a.web.builders.WebSecurity       : You are asking Spring Security to ignore Mvc [pattern='/error']. This is not recommended -- please use permitAll via HttpSecurity#authorizeHttpRequests instead.
2023-07-02T23:30:22.670+09:00  INFO 13901 --- [    Test worker] o.s.s.web.DefaultSecurityFilterChain     : Will not secure Mvc [pattern='/error']
2023-07-02T23:30:22.670+09:00  WARN 13901 --- [    Test worker] o.s.s.c.a.web.builders.WebSecurity       : You are asking Spring Security to ignore org.springframework.boot.autoconfigure.security.servlet.PathRequest$H2ConsoleRequestMatcher@39a8c08f. This is not recommended -- please use permitAll via HttpSecurity#authorizeHttpRequests instead.
2023-07-02T23:30:22.670+09:00  INFO 13901 --- [    Test worker] o.s.s.web.DefaultSecurityFilterChain     : Will not secure org.springframework.boot.autoconfigure.security.servlet.PathRequest$H2ConsoleRequestMatcher@39a8c08f
2023-07-02T23:30:22.670+09:00  WARN 13901 --- [    Test worker] o.s.s.c.a.web.builders.WebSecurity       : 

********************************************************************
**********        Security debugging is enabled.       *************
**********    This may include sensitive information.  *************
**********      Do not use in a production system!     *************
********************************************************************


2023-07-02T23:30:22.708+09:00  INFO 13901 --- [    Test worker] o.s.b.a.h2.H2ConsoleAutoConfiguration    : H2 console available at '/h2-console'. Database available at 'jdbc:h2:mem:eddylog'
2023-07-02T23:30:22.740+09:00  INFO 13901 --- [    Test worker] o.s.b.t.m.w.SpringBootMockServletContext : Initializing Spring TestDispatcherServlet ''
2023-07-02T23:30:22.740+09:00  INFO 13901 --- [    Test worker] o.s.t.web.servlet.TestDispatcherServlet  : Initializing Servlet ''
2023-07-02T23:30:22.740+09:00  INFO 13901 --- [    Test worker] o.s.t.web.servlet.TestDispatcherServlet  : Completed initialization in 0 ms
2023-07-02T23:30:22.745+09:00  INFO 13901 --- [    Test worker] c.e.api.controller.AuthControllerTest    : Started AuthControllerTest in 0.339 seconds (process running for 2.724)
2023-07-02T23:30:22.817+09:00  INFO 13901 --- [    Test worker] Spring Security Debugger                 : 

************************************************************

Request received for POST '/auth/signup':

org.springframework.session.web.http.SessionRepositoryFilter$SessionRepositoryRequestWrapper@29471e3e

servletPath:
pathInfo:/auth/signup
headers: 
Content-Type: application/json;charset=UTF-8
Content-Length: 58


Security filter chain: [
  DisableEncodeUrlFilter
  WebAsyncManagerIntegrationFilter
  SecurityContextHolderFilter
  HeaderWriterFilter
  LogoutFilter
  EmailPasswordAuthFilter
  RequestCacheAwareFilter
  SecurityContextHolderAwareRequestFilter
  RememberMeAuthenticationFilter
  AnonymousAuthenticationFilter
  ExceptionTranslationFilter
  AuthorizationFilter
]


************************************************************



MockHttpServletRequest:
      HTTP Method = POST
      Request URI = /auth/signup
       Parameters = {}
          Headers = [Content-Type:"application/json;charset=UTF-8", Content-Length:"58"]
             Body = {"email":"eddy@naver.com","password":"1234","name":"eddy"}
    Session Attrs = {}

Handler:
             Type = com.eddylog.api.controller.AuthController
           Method = com.eddylog.api.controller.AuthController#signup(Signup)

Async:
    Async started = false
     Async result = null

Resolved Exception:
             Type = null

ModelAndView:
        View name = null
             View = null
            Model = null

FlashMap:
       Attributes = null

MockHttpServletResponse:
           Status = 200
    Error message = null
          Headers = [X-Content-Type-Options:"nosniff", X-XSS-Protection:"0", Cache-Control:"no-cache, no-store, max-age=0, must-revalidate", Pragma:"no-cache", Expires:"0", X-Frame-Options:"DENY"]
     Content type = null
             Body = 
    Forwarded URL = null
   Redirected URL = null
          Cookies = []
]]></system-out>
  <system-err><![CDATA[]]></system-err>
</testsuite>
