<?xml version="1.0" encoding="UTF-8"?>
<testsuite name="com.eddylog.api.service.PostServiceTest" tests="9" skipped="0" failures="0" errors="0" timestamp="2023-07-02T14:30:23" hostname="JinKyungui-MacBookAir.local" time="0.04">
  <properties/>
  <testcase name="글 작성" classname="com.eddylog.api.service.PostServiceTest" time="0.004"/>
  <testcase name="글 1개 조회" classname="com.eddylog.api.service.PostServiceTest" time="0.002"/>
  <testcase name="글 여러개 조회 -&gt; 글 1페이지 조회" classname="com.eddylog.api.service.PostServiceTest" time="0.006"/>
  <testcase name="글 제목 수정" classname="com.eddylog.api.service.PostServiceTest" time="0.008"/>
  <testcase name="글 내용 수정" classname="com.eddylog.api.service.PostServiceTest" time="0.003"/>
  <testcase name="게시글 삭제" classname="com.eddylog.api.service.PostServiceTest" time="0.005"/>
  <testcase name="글 1개 조회 - 존재하지 않는 글" classname="com.eddylog.api.service.PostServiceTest" time="0.002"/>
  <testcase name="게시글 삭제 - 존재하지 않는 글" classname="com.eddylog.api.service.PostServiceTest" time="0.002"/>
  <testcase name="글 내용 수정 - 존재하지 않는 글" classname="com.eddylog.api.service.PostServiceTest" time="0.003"/>
  <system-out><![CDATA[2023-07-02T23:30:23.671+09:00  INFO 13901 --- [    Test worker] t.c.s.AnnotationConfigContextLoaderUtils : Could not detect default configuration classes for test class [com.eddylog.api.service.PostServiceTest]: PostServiceTest does not declare any static, non-private, non-final, nested classes annotated with @Configuration.
2023-07-02T23:30:23.672+09:00  INFO 13901 --- [    Test worker] .b.t.c.SpringBootTestContextBootstrapper : Found @SpringBootConfiguration com.eddylog.api.EddylogApplication for test class com.eddylog.api.service.PostServiceTest
]]></system-out>
  <system-err><![CDATA[]]></system-err>
</testsuite>
